
> @chronusdev/crm@0.1.0 dev
> tsx watch src/index.ts

[DB] Connecting to SQLite at: file:/Users/eduardobitriagoe/ChronusDev-1/apps/crm/prisma/dev.db
📂 Loaded AssistAI cache: 18 agents, 100 conversations
📂 Restored 100 conversations from cache
⏰ Last sync: 2026-01-25T17:16:04.030Z
[Scheduler] Initialized. Polling for scheduled interactions every minute...
node:events:486
      throw er; // Unhandled 'error' event
      ^

Error: listen EADDRINUSE: address already in use :::3002
    at Server.setupListenHandle [as _listen2] (node:net:1940:16)
    at listenInCluster (node:net:1997:12)
    at Server.listen (node:net:2102:7)
    at <anonymous> (/Users/eduardobitriagoe/ChronusDev-1/apps/crm/src/index.ts:5185:16)
    at ModuleJob.run (node:internal/modules/esm/module_job:413:25)
    at async onImport.tracePromise.__proto__ (node:internal/modules/esm/loader:660:26)
    at async asyncRunEntryPointWithESMLoader (node:internal/modules/run_main:101:5)
Emitted 'error' event on Server instance at:
    at emitErrorNT (node:net:1976:8)
    at process.processTicksAndRejections (node:internal/process/task_queues:89:21) {
  code: 'EADDRINUSE',
  errno: -48,
  syscall: 'listen',
  address: '::',
  port: 3002
}

Node.js v24.13.0
