⏰ Last sync: 2026-01-25T15:57:38.486Z
[Scheduler] Initialized. Polling for scheduled interactions every minute...
🚀 ChronusCRM API running on http://localhost:3002
📚 API Docs: http://localhost:3002/api/docs
🔌 Socket.io ready for connections
🤖 AssistAI integration enabled
🔄 Initializing conversations from cache...
📂 Loaded AssistAI cache: 18 agents, 100 conversations
✅ Loaded 101 conversations into memory.
🔌 Client connected: HAj1ezDI8lmUNcecAAAB
Client disconnected: HAj1ezDI8lmUNcecAAAB
🔌 Client connected: PqqZ7IxskBs71iwUAAAD
[2026-01-25T16:59:13.235Z] [PID: 51512] [32m[NODE-CRON][32m [33m[WARN][0m missed execution at Sun Jan 25 2026 12:54:00 GMT-0400 (Venezuela Time)! Possible blocking IO or high CPU user at the same process used by node-cron.
[2026-01-25T16:59:13.275Z] [PID: 51512] [32m[NODE-CRON][32m [33m[WARN][0m missed execution at Sun Jan 25 2026 12:55:00 GMT-0400 (Venezuela Time)! Possible blocking IO or high CPU user at the same process used by node-cron.
[2026-01-25T16:59:13.319Z] [PID: 51512] [32m[NODE-CRON][32m [33m[WARN][0m missed execution at Sun Jan 25 2026 12:56:00 GMT-0400 (Venezuela Time)! Possible blocking IO or high CPU user at the same process used by node-cron.
[2026-01-25T16:59:13.356Z] [PID: 51512] [32m[NODE-CRON][32m [33m[WARN][0m missed execution at Sun Jan 25 2026 12:57:00 GMT-0400 (Venezuela Time)! Possible blocking IO or high CPU user at the same process used by node-cron.
[2026-01-25T16:59:13.363Z] [PID: 51512] [32m[NODE-CRON][32m [33m[WARN][0m missed execution at Sun Jan 25 2026 12:58:00 GMT-0400 (Venezuela Time)! Possible blocking IO or high CPU user at the same process used by node-cron.
[2026-01-25T16:59:13.369Z] [PID: 51512] [32m[NODE-CRON][32m [33m[WARN][0m missed execution at Sun Jan 25 2026 12:59:00 GMT-0400 (Venezuela Time)! Possible blocking IO or high CPU user at the same process used by node-cron.
[2026-01-25T17:11:23.086Z] [PID: 51512] [32m[NODE-CRON][32m [33m[WARN][0m missed execution at Sun Jan 25 2026 13:00:00 GMT-0400 (Venezuela Time)! Possible blocking IO or high CPU user at the same process used by node-cron.
[2026-01-25T17:11:23.089Z] [PID: 51512] [32m[NODE-CRON][32m [33m[WARN][0m missed execution at Sun Jan 25 2026 13:01:00 GMT-0400 (Venezuela Time)! Possible blocking IO or high CPU user at the same process used by node-cron.
[2026-01-25T17:11:23.091Z] [PID: 51512] [32m[NODE-CRON][32m [33m[WARN][0m missed execution at Sun Jan 25 2026 13:02:00 GMT-0400 (Venezuela Time)! Possible blocking IO or high CPU user at the same process used by node-cron.
[2026-01-25T17:11:23.092Z] [PID: 51512] [32m[NODE-CRON][32m [33m[WARN][0m missed execution at Sun Jan 25 2026 13:03:00 GMT-0400 (Venezuela Time)! Possible blocking IO or high CPU user at the same process used by node-cron.
[2026-01-25T17:11:23.093Z] [PID: 51512] [32m[NODE-CRON][32m [33m[WARN][0m missed execution at Sun Jan 25 2026 13:04:00 GMT-0400 (Venezuela Time)! Possible blocking IO or high CPU user at the same process used by node-cron.
[2026-01-25T17:11:23.094Z] [PID: 51512] [32m[NODE-CRON][32m [33m[WARN][0m missed execution at Sun Jan 25 2026 13:05:00 GMT-0400 (Venezuela Time)! Possible blocking IO or high CPU user at the same process used by node-cron.
[2026-01-25T17:11:23.095Z] [PID: 51512] [32m[NODE-CRON][32m [33m[WARN][0m missed execution at Sun Jan 25 2026 13:06:00 GMT-0400 (Venezuela Time)! Possible blocking IO or high CPU user at the same process used by node-cron.
[2026-01-25T17:11:23.096Z] [PID: 51512] [32m[NODE-CRON][32m [33m[WARN][0m missed execution at Sun Jan 25 2026 13:07:00 GMT-0400 (Venezuela Time)! Possible blocking IO or high CPU user at the same process used by node-cron.
[2026-01-25T17:11:23.097Z] [PID: 51512] [32m[NODE-CRON][32m [33m[WARN][0m missed execution at Sun Jan 25 2026 13:08:00 GMT-0400 (Venezuela Time)! Possible blocking IO or high CPU user at the same process used by node-cron.
[2026-01-25T17:11:23.098Z] [PID: 51512] [32m[NODE-CRON][32m [33m[WARN][0m missed execution at Sun Jan 25 2026 13:09:00 GMT-0400 (Venezuela Time)! Possible blocking IO or high CPU user at the same process used by node-cron.
[2026-01-25T17:11:23.099Z] [PID: 51512] [32m[NODE-CRON][32m [33m[WARN][0m missed execution at Sun Jan 25 2026 13:10:00 GMT-0400 (Venezuela Time)! Possible blocking IO or high CPU user at the same process used by node-cron.
[2026-01-25T17:11:23.100Z] [PID: 51512] [32m[NODE-CRON][32m [33m[WARN][0m missed execution at Sun Jan 25 2026 13:11:00 GMT-0400 (Venezuela Time)! Possible blocking IO or high CPU user at the same process used by node-cron.
[2026-01-25T17:12:03.525Z] [PID: 51512] [32m[NODE-CRON][32m [33m[WARN][0m missed execution at Sun Jan 25 2026 13:12:00 GMT-0400 (Venezuela Time)! Possible blocking IO or high CPU user at the same process used by node-cron.
Client disconnected: PqqZ7IxskBs71iwUAAAD
🔌 Client connected: IdL9mEhaYwUdWV4AAAAG
ChronusDev unavailable, returning fallback users
[AssistAI] Fetching agents...
🔌 Client connected: hgN0_ykjmwtJxa8LAAAJ
📂 Loaded AssistAI cache: 18 agents, 100 conversations
💾 Saved AssistAI cache: 18 agents, 100 conversations
[AssistAI] Fetching agents...
📂 Loaded AssistAI cache: 18 agents, 100 conversations
💾 Saved AssistAI cache: 18 agents, 100 conversations
Socket hgN0_ykjmwtJxa8LAAAJ joined room: session-584144314817
Client disconnected: hgN0_ykjmwtJxa8LAAAJ
🔌 Client connected: TdnxUq5meXeBEZT8AAAL
Client disconnected: TdnxUq5meXeBEZT8AAAL
[AssistAI] Fetching agents...
📂 Loaded AssistAI cache: 18 agents, 100 conversations
💾 Saved AssistAI cache: 18 agents, 100 conversations
[AssistAI] Fetching agents...
📂 Loaded AssistAI cache: 18 agents, 100 conversations
💾 Saved AssistAI cache: 18 agents, 100 conversations
[AssistAI] Fetching agents...
🔌 Client connected: xB0tI791IX27zDGVAAAO
📂 Loaded AssistAI cache: 18 agents, 100 conversations
💾 Saved AssistAI cache: 18 agents, 100 conversations
[AssistAI] Fetching agents...
📂 Loaded AssistAI cache: 18 agents, 100 conversations
💾 Saved AssistAI cache: 18 agents, 100 conversations

> @chronusdev/crm@0.1.0 dev
> tsx watch src/index.ts

[DB] Connecting to SQLite at: file:/Users/eduardobitriagoe/ChronusDev-1/apps/crm/prisma/dev.db
📂 Loaded AssistAI cache: 18 agents, 100 conversations
📂 Restored 100 conversations from cache
⏰ Last sync: 2026-01-25T17:16:04.030Z
[Scheduler] Initialized. Polling for scheduled interactions every minute...
node:events:486
      throw er; // Unhandled 'error' event
      ^

Error: listen EADDRINUSE: address already in use :::3002
    at Server.setupListenHandle [as _listen2] (node:net:1940:16)
    at listenInCluster (node:net:1997:12)
    at Server.listen (node:net:2102:7)
    at <anonymous> (/Users/eduardobitriagoe/ChronusDev-1/apps/crm/src/index.ts:5185:16)
    at ModuleJob.run (node:internal/modules/esm/module_job:413:25)
    at async onImport.tracePromise.__proto__ (node:internal/modules/esm/loader:660:26)
    at async asyncRunEntryPointWithESMLoader (node:internal/modules/run_main:101:5)
Emitted 'error' event on Server instance at:
    at emitErrorNT (node:net:1976:8)
    at process.processTicksAndRejections (node:internal/process/task_queues:89:21) {
  code: 'EADDRINUSE',
  errno: -48,
  syscall: 'listen',
  address: '::',
  port: 3002
}

Node.js v24.13.0
